C:\USERS\DRNUTJUANG\DOCUMENTS\VISUAL STUDIO 2010\PROJECTS\LAB3\DEBUG\LAB3.EXE
C:\USERS\DRNUTJUANG\DOCUMENTS\VISUAL STUDIO 2010\PROJECTS\LAB3\DEBUG\LAB3.ILK
C:\USERS\DRNUTJUANG\DOCUMENTS\VISUAL STUDIO 2010\PROJECTS\LAB3\DEBUG\LAB3.PDB
c:\Users\drnutjuang\documents\visual studio 2010\Projects\lab3\lab3\Debug\cl.command.1.tlog
c:\Users\drnutjuang\documents\visual studio 2010\Projects\lab3\lab3\Debug\CL.read.1.tlog
c:\Users\drnutjuang\documents\visual studio 2010\Projects\lab3\lab3\Debug\CL.write.1.tlog
C:\USERS\DRNUTJUANG\DOCUMENTS\VISUAL STUDIO 2010\PROJECTS\LAB3\LAB3\DEBUG\LAB3.EXE.EMBED.MANIFEST
C:\USERS\DRNUTJUANG\DOCUMENTS\VISUAL STUDIO 2010\PROJECTS\LAB3\LAB3\DEBUG\LAB3.EXE.EMBED.MANIFEST.RES
C:\USERS\DRNUTJUANG\DOCUMENTS\VISUAL STUDIO 2010\PROJECTS\LAB3\LAB3\DEBUG\LAB3.EXE.INTERMEDIATE.MANIFEST
c:\Users\drnutjuang\documents\visual studio 2010\Projects\lab3\lab3\Debug\lab3.vcxprojResolveAssemblyReference.cache
c:\Users\drnutjuang\documents\visual studio 2010\Projects\lab3\lab3\Debug\lab3.write.1.tlog
C:\USERS\DRNUTJUANG\DOCUMENTS\VISUAL STUDIO 2010\PROJECTS\LAB3\LAB3\DEBUG\LAB3_1.OBJ
C:\USERS\DRNUTJUANG\DOCUMENTS\VISUAL STUDIO 2010\PROJECTS\LAB3\LAB3\DEBUG\LAB3_2.OBJ
c:\Users\drnutjuang\documents\visual studio 2010\Projects\lab3\lab3\Debug\lab3_manifest.rc
c:\Users\drnutjuang\documents\visual studio 2010\Projects\lab3\lab3\Debug\link.3336.read.1.tlog
c:\Users\drnutjuang\documents\visual studio 2010\Projects\lab3\lab3\Debug\link.3336.write.1.tlog
c:\Users\drnutjuang\documents\visual studio 2010\Projects\lab3\lab3\Debug\link.3336-cvtres.read.1.tlog
c:\Users\drnutjuang\documents\visual studio 2010\Projects\lab3\lab3\Debug\link.3336-cvtres.write.1.tlog
c:\Users\drnutjuang\documents\visual studio 2010\Projects\lab3\lab3\Debug\link.6940.read.1.tlog
c:\Users\drnutjuang\documents\visual studio 2010\Projects\lab3\lab3\Debug\link.6940.write.1.tlog
c:\Users\drnutjuang\documents\visual studio 2010\Projects\lab3\lab3\Debug\link.6940-cvtres.read.1.tlog
c:\Users\drnutjuang\documents\visual studio 2010\Projects\lab3\lab3\Debug\link.6940-cvtres.write.1.tlog
c:\Users\drnutjuang\documents\visual studio 2010\Projects\lab3\lab3\Debug\link.command.1.tlog
c:\Users\drnutjuang\documents\visual studio 2010\Projects\lab3\lab3\Debug\link.read.1.tlog
c:\Users\drnutjuang\documents\visual studio 2010\Projects\lab3\lab3\Debug\link.write.1.tlog
c:\Users\drnutjuang\documents\visual studio 2010\Projects\lab3\lab3\Debug\link-cvtres.read.1.tlog
c:\Users\drnutjuang\documents\visual studio 2010\Projects\lab3\lab3\Debug\link-cvtres.write.1.tlog
c:\Users\drnutjuang\documents\visual studio 2010\Projects\lab3\lab3\Debug\mt.command.1.tlog
c:\Users\drnutjuang\documents\visual studio 2010\Projects\lab3\lab3\Debug\mt.read.1.tlog
c:\Users\drnutjuang\documents\visual studio 2010\Projects\lab3\lab3\Debug\mt.write.1.tlog
c:\Users\drnutjuang\documents\visual studio 2010\Projects\lab3\lab3\Debug\rc.command.1.tlog
c:\Users\drnutjuang\documents\visual studio 2010\Projects\lab3\lab3\Debug\rc.read.1.tlog
c:\Users\drnutjuang\documents\visual studio 2010\Projects\lab3\lab3\Debug\rc.write.1.tlog
c:\Users\drnutjuang\documents\visual studio 2010\Projects\lab3\lab3\Debug\vc100.idb
C:\USERS\DRNUTJUANG\DOCUMENTS\VISUAL STUDIO 2010\PROJECTS\LAB3\LAB3\DEBUG\VC100.PDB
